<?xml version="1.0" encoding="UTF-8"?>
<!-- Generated by org.testng.reporters.JUnitXMLReporter -->
<testsuite ignored="0" hostname="DESKTOP-G20A19H" failures="0" tests="3" name="Default test" time="8.729" errors="0" timestamp="2023-05-18T01:55:03 IST">
  <testcase classname="api.test.DataDrivenTests" name="testPostUser" time="4.656"/>
  <testcase classname="api.test.DataDrivenTests" name="testUpdateUser" time="1.141"/>
  <testcase classname="api.test.DataDrivenTests" name="testDeleteUser" time="0.61"/>
</testsuite> <!-- Default test -->
