<?xml version="1.0" encoding="UTF-8"?>
<!-- Generated by org.testng.reporters.JUnitXMLReporter -->
<testsuite ignored="0" hostname="DESKTOP-G20A19H" failures="0" tests="4" name="ReqResTest" time="17.543" errors="0" timestamp="2023-05-19T08:16:55 IST">
  <testcase classname="api.test.UserTests" name="testPostUser" time="9.831"/>
  <testcase classname="api.test.UserTests" name="testGetUser" time="0.337"/>
  <testcase classname="api.test.UserTests" name="testUpdateUser" time="1.329"/>
  <testcase classname="api.test.UserTests" name="testDeleteeUser" time="0.499"/>
</testsuite> <!-- ReqResTest -->
