<?xml version="1.0" encoding="UTF-8"?>
<testng-results ignored="0" total="4" passed="4" failed="0" skipped="0">
  <reporter-output>
  </reporter-output>
  <suite started-at="2023-05-19T08:16:36 IST" name="ReqResSuite" finished-at="2023-05-19T08:16:53 IST" duration-ms="17543">
    <groups>
    </groups>
    <test started-at="2023-05-19T08:16:36 IST" name="ReqResTest" finished-at="2023-05-19T08:16:53 IST" duration-ms="17543">
      <class name="api.test.UserTests">
        <test-method is-config="true" signature="setup()[pri:0, instance:api.test.UserTests@d9345cd]" started-at="2023-05-19T08:16:38 IST" name="setup" finished-at="2023-05-19T08:16:41 IST" duration-ms="3046" status="PASS">
          <reporter-output>
          </reporter-output>
        </test-method> <!-- setup -->
        <test-method signature="testPostUser()[pri:1, instance:api.test.UserTests@d9345cd]" started-at="2023-05-19T08:16:41 IST" name="testPostUser" finished-at="2023-05-19T08:16:51 IST" duration-ms="9831" status="PASS">
          <reporter-output>
          </reporter-output>
        </test-method> <!-- testPostUser -->
        <test-method signature="testGetUser()[pri:2, instance:api.test.UserTests@d9345cd]" started-at="2023-05-19T08:16:51 IST" name="testGetUser" finished-at="2023-05-19T08:16:52 IST" duration-ms="337" status="PASS">
          <reporter-output>
          </reporter-output>
        </test-method> <!-- testGetUser -->
        <test-method signature="testUpdateUser()[pri:3, instance:api.test.UserTests@d9345cd]" started-at="2023-05-19T08:16:52 IST" name="testUpdateUser" finished-at="2023-05-19T08:16:53 IST" duration-ms="1329" status="PASS">
          <reporter-output>
          </reporter-output>
        </test-method> <!-- testUpdateUser -->
        <test-method signature="testDeleteeUser()[pri:4, instance:api.test.UserTests@d9345cd]" started-at="2023-05-19T08:16:53 IST" name="testDeleteeUser" finished-at="2023-05-19T08:16:53 IST" duration-ms="499" status="PASS">
          <reporter-output>
          </reporter-output>
        </test-method> <!-- testDeleteeUser -->
      </class> <!-- api.test.UserTests -->
    </test> <!-- ReqResTest -->
  </suite> <!-- ReqResSuite -->
</testng-results>
